Connecting to database specified by database.yml
Connecting to database specified by database.yml


Started GET "/assets/rails.png" for 69.124.118.44 at 2013-06-22 20:28:42 +0000
Served asset /rails.png - 304 Not Modified (5ms)


Started GET "/assets/rails.png" for 69.124.118.44 at 2013-06-22 20:28:42 +0000
Served asset /rails.png - 304 Not Modified (2ms)


Started GET "/rails/info/properties" for 69.124.118.44 at 2013-06-22 20:28:44 +0000
Processing by Rails::InfoController#properties as */*
  Rendered inline template (2.8ms)
Completed 200 OK in 31ms (Views: 30.2ms | ActiveRecord: 0.0ms)
Connecting to database specified by database.yml
Connecting to database specified by database.yml


Started GET "/assets/rails.png" for 69.124.118.44 at 2013-06-22 20:30:43 +0000
Served asset /rails.png - 304 Not Modified (3ms)


Started GET "/assets/rails.png" for 69.124.118.44 at 2013-06-22 20:30:44 +0000
Served asset /rails.png - 304 Not Modified (2ms)


Started GET "/rails/info/properties" for 69.124.118.44 at 2013-06-22 20:30:45 +0000
Processing by Rails::InfoController#properties as */*
  Rendered inline template (2.7ms)
Completed 200 OK in 28ms (Views: 27.9ms | ActiveRecord: 0.0ms)
Connecting to database specified by database.yml
Connecting to database specified by database.yml


Started GET "/assets/rails.png" for 69.124.118.44 at 2013-06-22 20:37:33 +0000
Served asset /rails.png - 200 OK (4ms)


Started GET "/assets/rails.png" for 69.124.118.44 at 2013-06-22 20:50:51 +0000
Served asset /rails.png - 304 Not Modified (3ms)


Started GET "/assets/rails.png" for 69.124.118.44 at 2013-06-22 20:51:19 +0000
Served asset /rails.png - 304 Not Modified (0ms)


Started GET "/rails/info/properties" for 69.124.118.44 at 2013-06-22 20:51:25 +0000
Processing by Rails::InfoController#properties as */*
  Rendered inline template (2.6ms)
Completed 200 OK in 32ms (Views: 31.7ms | ActiveRecord: 0.0ms)


Started GET "/assets/rails.png" for 69.124.118.44 at 2013-06-22 20:51:26 +0000
Served asset /rails.png - 304 Not Modified (0ms)


Started GET "/rails/info/properties" for 69.124.118.44 at 2013-06-22 20:51:28 +0000
Processing by Rails::InfoController#properties as */*
  Rendered inline template (0.6ms)
Completed 200 OK in 2ms (Views: 1.5ms | ActiveRecord: 0.0ms)
Connecting to database specified by database.yml
Connecting to database specified by database.yml


Started GET "/assets/rails.png" for 69.124.118.44 at 2013-06-22 20:58:25 +0000
Served asset /rails.png - 304 Not Modified (4ms)


Started GET "/rails/info/properties" for 69.124.118.44 at 2013-06-22 20:58:28 +0000
Processing by Rails::InfoController#properties as */*
  Rendered inline template (2.7ms)
Completed 200 OK in 32ms (Views: 31.2ms | ActiveRecord: 0.0ms)
Connecting to database specified by database.yml
Connecting to database specified by database.yml
